C:\Project\Algorithm\Project2017\WireBonding\MakeINI_Defect\MakeINI_Defect\Release\cl.command.1.tlog
C:\Project\Algorithm\Project2017\WireBonding\MakeINI_Defect\MakeINI_Defect\Release\CL.read.1.tlog
C:\Project\Algorithm\Project2017\WireBonding\MakeINI_Defect\MakeINI_Defect\Release\CL.write.1.tlog
C:\PROJECT\ALGORITHM\PROJECT2017\WIREBONDING\MAKEINI_DEFECT\MAKEINI_DEFECT\RELEASE\FORM4.OBJ
C:\PROJECT\ALGORITHM\PROJECT2017\WIREBONDING\MAKEINI_DEFECT\MAKEINI_DEFECT\RELEASE\FORMFIRST.OBJ
C:\PROJECT\ALGORITHM\PROJECT2017\WIREBONDING\MAKEINI_DEFECT\MAKEINI_DEFECT\RELEASE\FORMFOURTH.OBJ
C:\PROJECT\ALGORITHM\PROJECT2017\WIREBONDING\MAKEINI_DEFECT\MAKEINI_DEFECT\RELEASE\FORMSECOND.OBJ
C:\PROJECT\ALGORITHM\PROJECT2017\WIREBONDING\MAKEINI_DEFECT\MAKEINI_DEFECT\RELEASE\FORMTHIRD.OBJ
C:\Project\Algorithm\Project2017\WireBonding\MakeINI_Defect\MakeINI_Defect\Release\link.command.1.tlog
C:\Project\Algorithm\Project2017\WireBonding\MakeINI_Defect\MakeINI_Defect\Release\link.read.1.tlog
C:\Project\Algorithm\Project2017\WireBonding\MakeINI_Defect\MakeINI_Defect\Release\link.write.1.tlog
C:\Project\Algorithm\Project2017\WireBonding\MakeINI_Defect\MakeINI_Defect\Release\link-cvtres.read.1.tlog
C:\Project\Algorithm\Project2017\WireBonding\MakeINI_Defect\MakeINI_Defect\Release\link-cvtres.write.1.tlog
C:\PROJECT\ALGORITHM\PROJECT2017\WIREBONDING\MAKEINI_DEFECT\MAKEINI_DEFECT\RELEASE\MAKEINI_DEFECT.EXE.INTERMEDIATE.MANIFEST
C:\PROJECT\ALGORITHM\PROJECT2017\WIREBONDING\MAKEINI_DEFECT\MAKEINI_DEFECT\RELEASE\MAKEINI_DEFECT.OBJ
C:\PROJECT\ALGORITHM\PROJECT2017\WIREBONDING\MAKEINI_DEFECT\MAKEINI_DEFECT\RELEASE\MAKEINI_DEFECT.PCH
C:\PROJECT\ALGORITHM\PROJECT2017\WIREBONDING\MAKEINI_DEFECT\MAKEINI_DEFECT\RELEASE\MAKEINI_DEFECT.RES
C:\Project\Algorithm\Project2017\WireBonding\MakeINI_Defect\MakeINI_Defect\Release\MakeINI_Defect.vcxprojResolveAssemblyReference.cache
C:\Project\Algorithm\Project2017\WireBonding\MakeINI_Defect\MakeINI_Defect\Release\MakeINI_Defect.write.1.tlog
C:\PROJECT\ALGORITHM\PROJECT2017\WIREBONDING\MAKEINI_DEFECT\MAKEINI_DEFECT\RELEASE\MAKEINI_DEFECTDLG.OBJ
C:\Project\Algorithm\Project2017\WireBonding\MakeINI_Defect\MakeINI_Defect\Release\mt.command.1.tlog
C:\Project\Algorithm\Project2017\WireBonding\MakeINI_Defect\MakeINI_Defect\Release\mt.read.1.tlog
C:\Project\Algorithm\Project2017\WireBonding\MakeINI_Defect\MakeINI_Defect\Release\mt.write.1.tlog
C:\Project\Algorithm\Project2017\WireBonding\MakeINI_Defect\MakeINI_Defect\Release\rc.command.1.tlog
C:\Project\Algorithm\Project2017\WireBonding\MakeINI_Defect\MakeINI_Defect\Release\rc.read.1.tlog
C:\Project\Algorithm\Project2017\WireBonding\MakeINI_Defect\MakeINI_Defect\Release\rc.write.1.tlog
C:\PROJECT\ALGORITHM\PROJECT2017\WIREBONDING\MAKEINI_DEFECT\MAKEINI_DEFECT\RELEASE\STDAFX.OBJ
C:\PROJECT\ALGORITHM\PROJECT2017\WIREBONDING\MAKEINI_DEFECT\MAKEINI_DEFECT\RELEASE\VC100.PDB
C:\PROJECT\ALGORITHM\PROJECT2017\WIREBONDING\MAKEINI_DEFECT\RELEASE\MAKEINI_DEFECT.EXE
C:\PROJECT\ALGORITHM\PROJECT2017\WIREBONDING\MAKEINI_DEFECT\RELEASE\MAKEINI_DEFECT.PDB
